{"C:\\Users\\rafael.tavares\\projects-mp\\inLoco-2.0\\jestsetup.js": {"path":"C:\\Users\\rafael.tavares\\projects-mp\\inLoco-2.0\\jestsetup.js","statementMap":{"0":{"start":{"line":3,"column":0},"end":{"line":3,"column":25}},"1":{"start":{"line":4,"column":0},"end":{"line":4,"column":23}},"2":{"start":{"line":5,"column":0},"end":{"line":5,"column":21}},"3":{"start":{"line":7,"column":0},"end":{"line":9,"column":2}},"4":{"start":{"line":8,"column":3},"end":{"line":8,"column":28}}},"fnMap":{"0":{"name":"(anonymous_0)","decl":{"start":{"line":7,"column":16},"end":{"line":7,"column":17}},"loc":{"start":{"line":7,"column":27},"end":{"line":9,"column":1}},"line":7}},"branchMap":{},"s":{"0":2,"1":2,"2":2,"3":2,"4":0},"f":{"0":0},"b":{},"_coverageSchema":"332fd63041d2c1bcb487cc26dd0d5f7d97098a6c","hash":"8997e30aa978017e51cb44f171d02a0b630a710b"}
,"C:\\Users\\rafael.tavares\\projects-mp\\inLoco-2.0\\mocks\\cssStub.js": {"path":"C:\\Users\\rafael.tavares\\projects-mp\\inLoco-2.0\\mocks\\cssStub.js","statementMap":{"0":{"start":{"line":1,"column":0},"end":{"line":1,"column":20}}},"fnMap":{},"branchMap":{},"s":{"0":1},"f":{},"b":{},"_coverageSchema":"332fd63041d2c1bcb487cc26dd0d5f7d97098a6c","hash":"b94f7ec2d3321db8f3698704945325591cd730cb"}
,"C:\\Users\\rafael.tavares\\projects-mp\\inLoco-2.0\\src\\components\\App\\App.js": {"path":"C:\\Users\\rafael.tavares\\projects-mp\\inLoco-2.0\\src\\components\\App\\App.js","statementMap":{"0":{"start":{"line":5,"column":0},"end":{"line":5,"column":22}},"1":{"start":{"line":18,"column":8},"end":{"line":18,"column":16}},"2":{"start":{"line":19,"column":8},"end":{"line":19,"column":47}},"3":{"start":{"line":28,"column":8},"end":{"line":34,"column":10}}},"fnMap":{"0":{"name":"(anonymous_0)","decl":{"start":{"line":17,"column":4},"end":{"line":17,"column":5}},"loc":{"start":{"line":17,"column":18},"end":{"line":20,"column":5}},"line":17},"1":{"name":"(anonymous_1)","decl":{"start":{"line":27,"column":4},"end":{"line":27,"column":5}},"loc":{"start":{"line":27,"column":13},"end":{"line":35,"column":5}},"line":27}},"branchMap":{},"s":{"0":1,"1":1,"2":1,"3":1},"f":{"0":1,"1":1},"b":{},"_coverageSchema":"332fd63041d2c1bcb487cc26dd0d5f7d97098a6c","hash":"4bfb5f5de2ad27f30a7d9798bb87e72dc34fcfee"}
,"C:\\Users\\rafael.tavares\\projects-mp\\inLoco-2.0\\src\\components\\Charts\\ExampleHighcharts.js": {"path":"C:\\Users\\rafael.tavares\\projects-mp\\inLoco-2.0\\src\\components\\Charts\\ExampleHighcharts.js","statementMap":{"0":{"start":{"line":14,"column":8},"end":{"line":14,"column":26}},"1":{"start":{"line":15,"column":8},"end":{"line":19,"column":9}},"2":{"start":{"line":16,"column":12},"end":{"line":18,"column":15}},"3":{"start":{"line":17,"column":16},"end":{"line":17,"column":35}},"4":{"start":{"line":21,"column":8},"end":{"line":24,"column":10}},"5":{"start":{"line":25,"column":8},"end":{"line":25,"column":32}},"6":{"start":{"line":31,"column":8},"end":{"line":31,"column":29}},"7":{"start":{"line":38,"column":8},"end":{"line":42,"column":10}}},"fnMap":{"0":{"name":"(anonymous_0)","decl":{"start":{"line":12,"column":4},"end":{"line":12,"column":5}},"loc":{"start":{"line":12,"column":25},"end":{"line":26,"column":5}},"line":12},"1":{"name":"(anonymous_1)","decl":{"start":{"line":16,"column":39},"end":{"line":16,"column":40}},"loc":{"start":{"line":16,"column":57},"end":{"line":18,"column":13}},"line":16},"2":{"name":"(anonymous_2)","decl":{"start":{"line":30,"column":4},"end":{"line":30,"column":5}},"loc":{"start":{"line":30,"column":27},"end":{"line":32,"column":5}},"line":30},"3":{"name":"(anonymous_3)","decl":{"start":{"line":37,"column":4},"end":{"line":37,"column":5}},"loc":{"start":{"line":37,"column":14},"end":{"line":43,"column":5}},"line":37}},"branchMap":{"0":{"loc":{"start":{"line":15,"column":8},"end":{"line":19,"column":9}},"type":"if","locations":[{"start":{"line":15,"column":8},"end":{"line":19,"column":9}},{"start":{"line":15,"column":8},"end":{"line":19,"column":9}}],"line":15},"1":{"loc":{"start":{"line":21,"column":36},"end":{"line":21,"column":62}},"type":"binary-expr","locations":[{"start":{"line":21,"column":36},"end":{"line":21,"column":51}},{"start":{"line":21,"column":55},"end":{"line":21,"column":62}}],"line":21}},"s":{"0":0,"1":0,"2":0,"3":0,"4":0,"5":0,"6":0,"7":1},"f":{"0":0,"1":0,"2":0,"3":1},"b":{"0":[0,0],"1":[0,0]},"_coverageSchema":"332fd63041d2c1bcb487cc26dd0d5f7d97098a6c","hash":"7e2552d2aa0af40797518d92f82c104b742e1ec1"}
,"C:\\Users\\rafael.tavares\\projects-mp\\inLoco-2.0\\src\\components\\input\\Input.js": {"path":"C:\\Users\\rafael.tavares\\projects-mp\\inLoco-2.0\\src\\components\\input\\Input.js","statementMap":{"0":{"start":{"line":5,"column":8},"end":{"line":7,"column":10}}},"fnMap":{"0":{"name":"(anonymous_0)","decl":{"start":{"line":4,"column":4},"end":{"line":4,"column":5}},"loc":{"start":{"line":4,"column":13},"end":{"line":8,"column":5}},"line":4}},"branchMap":{},"s":{"0":0},"f":{"0":0},"b":{},"_coverageSchema":"332fd63041d2c1bcb487cc26dd0d5f7d97098a6c","hash":"8025190c3035ec54296ccc89dfc9c5491764e8cb"}
}
