TN:
SF:C:\Users\rafael.tavares\projects-mp\inLoco-2.0\jestsetup.js
FN:7,(anonymous_0)
FNF:1
FNH:0
FNDA:0,(anonymous_0)
DA:3,2
DA:4,2
DA:5,2
DA:7,2
DA:8,0
LF:5
LH:4
BRF:0
BRH:0
end_of_record
TN:
SF:C:\Users\rafael.tavares\projects-mp\inLoco-2.0\mocks\cssStub.js
FNF:0
FNH:0
DA:1,1
LF:1
LH:1
BRF:0
BRH:0
end_of_record
TN:
SF:C:\Users\rafael.tavares\projects-mp\inLoco-2.0\src\components\App\App.js
FN:17,(anonymous_0)
FN:27,(anonymous_1)
FNF:2
FNH:2
FNDA:1,(anonymous_0)
FNDA:1,(anonymous_1)
DA:5,1
DA:18,1
DA:19,1
DA:28,1
LF:4
LH:4
BRF:0
BRH:0
end_of_record
TN:
SF:C:\Users\rafael.tavares\projects-mp\inLoco-2.0\src\components\Charts\ExampleHighcharts.js
FN:12,(anonymous_0)
FN:16,(anonymous_1)
FN:30,(anonymous_2)
FN:37,(anonymous_3)
FNF:4
FNH:1
FNDA:0,(anonymous_0)
FNDA:0,(anonymous_1)
FNDA:0,(anonymous_2)
FNDA:1,(anonymous_3)
DA:14,0
DA:15,0
DA:16,0
DA:17,0
DA:21,0
DA:25,0
DA:31,0
DA:38,1
LF:8
LH:1
BRDA:15,0,0,0
BRDA:15,0,1,0
BRDA:21,1,0,0
BRDA:21,1,1,0
BRF:4
BRH:0
end_of_record
TN:
SF:C:\Users\rafael.tavares\projects-mp\inLoco-2.0\src\components\input\Input.js
FN:4,(anonymous_0)
FNF:1
FNH:0
FNDA:0,(anonymous_0)
DA:5,0
LF:1
LH:0
BRF:0
BRH:0
end_of_record
